k:\!!scene\rw2018 — kopia (2)\outside\debug\ext.sbr
k:\!!scene\rw2018 — kopia (2)\outside\debug\intro.sbr
k:\!!scene\rw2018 — kopia (2)\outside\debug\main_win_deb.sbr
k:\!!scene\rw2018 — kopia (2)\outside\debug\outside.bsc
k:\!!scene\rw2018 — kopia (2)\outside\debug\vc140.pdb
k:\!!scene\rw2018 — kopia (2)\outside\debug\main_win_deb.obj
k:\!!scene\rw2018 — kopia (2)\outside\debug\intro.obj
k:\!!scene\rw2018 — kopia (2)\outside\debug\ext.obj
k:\!!scene\rw2018 — kopia (2)\outside\debug\outside.ilk
k:\!!scene\rw2018 — kopia (2)\outside\debug\outside.exe
k:\!!scene\rw2018 — kopia (2)\outside\debug\4verts_deb.pdb
f:\repos\rw2018\outside\debug\ext.obj
f:\repos\rw2018\outside\debug\intro.obj
f:\repos\rw2018\outside\debug\main_win_deb.obj
f:\repos\rw2018\outside\debug\outside.ilk
f:\repos\rw2018\outside\debug\4verts_deb.pdb
f:\repos\rw2018\outside\debug\vc140.pdb
f:\repos\rw2018\outside\debug\outside.bsc
f:\repos\rw2018\outside\debug\ext.sbr
f:\repos\rw2018\outside\debug\intro.sbr
f:\repos\rw2018\outside\debug\main_win_deb.sbr
f:\repos\rw2018\outside\.\debug\outside.exe
f:\repos\rw2018\outside\.\debug\outside.bsc
f:\repos\rw2018\outside\.\debug\outside.ilk
f:\repos\rw2018\outside\debug\outside.tlog\bscmake.command.1.tlog
f:\repos\rw2018\outside\debug\outside.tlog\bscmake.read.1.tlog
f:\repos\rw2018\outside\debug\outside.tlog\bscmake.write.1.tlog
f:\repos\rw2018\outside\debug\outside.tlog\cl.command.1.tlog
f:\repos\rw2018\outside\debug\outside.tlog\cl.read.1.tlog
f:\repos\rw2018\outside\debug\outside.tlog\cl.write.1.tlog
f:\repos\rw2018\outside\debug\outside.tlog\link.command.1.tlog
f:\repos\rw2018\outside\debug\outside.tlog\link.read.1.tlog
f:\repos\rw2018\outside\debug\outside.tlog\link.write.1.tlog
